<?xml version="1.0" encoding="UTF-8"?>
<!-- Generated by org.testng.reporters.JUnitXMLReporter -->
<testsuite hostname="LAPTOP-NDKUD6FS" ignored="0" name="Default test" tests="3" failures="0" timestamp="2020-05-14T16:07:57 EDT" time="22.9" errors="0">
  <testcase name="googleTitleTest" time="0.011" classname="com.test.GoogleTest"/>
  <testcase name="googleLogoTest" time="0.05" classname="com.test.GoogleTest"/>
  <testcase name="gMailLinkTest" time="0.035" classname="com.test.GoogleTest"/>
</testsuite> <!-- Default test -->
